<?xml version="1.0" encoding="UTF-8"?>
<testng-results skipped="0" failed="0" total="1" passed="1">
  <reporter-output>
  </reporter-output>
  <suite name="Suite" duration-ms="17780" started-at="2018-02-03T10:35:11Z" finished-at="2018-02-03T10:35:29Z">
    <groups>
    </groups>
    <test name="Test" duration-ms="17780" started-at="2018-02-03T10:35:11Z" finished-at="2018-02-03T10:35:29Z">
      <class name="QSP.DemoA">
        <test-method status="PASS" signature="testA()[pri:0, instance:QSP.DemoA@6bf256fa]" name="testA" duration-ms="17749" started-at="2018-02-03T16:05:11Z" finished-at="2018-02-03T16:05:29Z">
          <reporter-output>
          </reporter-output>
        </test-method> <!-- testA -->
      </class> <!-- QSP.DemoA -->
    </test> <!-- Test -->
  </suite> <!-- Suite -->
</testng-results>
